info @storybook/svelte v6.5.14
info 
info => Cleaning outputDir: /var/folders/7k/kdc4vl_j3y9cjxlmmc7h37s80000gq/T/chromatic--23147-45Y9Jb5FewdX
info => Loading presets
info Found existing addon "@storybook/addon-docs", skipping.
info => Compiling manager..
(node:23248) ExperimentalWarning: The Fetch API is an experimental feature. This feature could change at any time
(Use `node --trace-warnings ...` to show where the warning was created)
vite v3.2.5 building for production...
transforming...

[35m🌼 daisyUI components 2.42.1[0m [0m https://github.com/saadeghi/daisyui
  [32m✔︎ Including:[0m [0m base, components, themes[29], utilities
  
info => Manager built (9.52 s)
Use of eval is strongly discouraged, as it poses security risks and may cause issues with minification
Use of eval is strongly discouraged, as it poses security risks and may cause issues with minification
Use of eval is strongly discouraged, as it poses security risks and may cause issues with minification
✓ 1365 modules transformed.
9:14:20 AM [vite-plugin-svelte] dom compile done.
package        	files	  time	   avg
tvheadend-guide	    1	37.7ms	37.7ms
9:14:20 AM [vite-plugin-svelte] dom compile done.
package          	files	  time	   avg
tvheadend-guide  	    7	87.8ms	12.5ms
@storybook/svelte	    3	70.1ms	23.4ms
rendering chunks...
../../../../../../var/folders/7k/kdc4vl_j3y9cjxlmmc7h37s80000gq/T/chromatic--23147-45Y9Jb5FewdX/iframe.html                                          13.51 KiB
../../../../../../var/folders/7k/kdc4vl_j3y9cjxlmmc7h37s80000gq/T/chromatic--23147-45Y9Jb5FewdX/assets/renderDocs.6c36a0ba.js                        2.59 KiB / gzip: 1.27 KiB
../../../../../../var/folders/7k/kdc4vl_j3y9cjxlmmc7h37s80000gq/T/chromatic--23147-45Y9Jb5FewdX/assets/renderDocs.6c36a0ba.js.map                    9.68 KiB
../../../../../../var/folders/7k/kdc4vl_j3y9cjxlmmc7h37s80000gq/T/chromatic--23147-45Y9Jb5FewdX/assets/es.string.from-code-point.1069845c.js         0.52 KiB / gzip: 0.38 KiB
../../../../../../var/folders/7k/kdc4vl_j3y9cjxlmmc7h37s80000gq/T/chromatic--23147-45Y9Jb5FewdX/assets/es.string.from-code-point.1069845c.js.map     2.20 KiB
../../../../../../var/folders/7k/kdc4vl_j3y9cjxlmmc7h37s80000gq/T/chromatic--23147-45Y9Jb5FewdX/assets/es.regexp.flags.6b999ff6.js                   0.60 KiB / gzip: 0.42 KiB
../../../../../../var/folders/7k/kdc4vl_j3y9cjxlmmc7h37s80000gq/T/chromatic--23147-45Y9Jb5FewdX/assets/es.regexp.flags.6b999ff6.js.map               2.75 KiB
../../../../../../var/folders/7k/kdc4vl_j3y9cjxlmmc7h37s80000gq/T/chromatic--23147-45Y9Jb5FewdX/assets/GlobalScrollAreaStyles-8793ce4a.1cf64108.js   10.19 KiB / gzip: 2.29 KiB
../../../../../../var/folders/7k/kdc4vl_j3y9cjxlmmc7h37s80000gq/T/chromatic--23147-45Y9Jb5FewdX/assets/GlobalScrollAreaStyles-8793ce4a.1cf64108.js.map 20.46 KiB
../../../../../../var/folders/7k/kdc4vl_j3y9cjxlmmc7h37s80000gq/T/chromatic--23147-45Y9Jb5FewdX/assets/Color-f953d088.48e4ecc5.js                    33.64 KiB / gzip: 12.68 KiB
../../../../../../var/folders/7k/kdc4vl_j3y9cjxlmmc7h37s80000gq/T/chromatic--23147-45Y9Jb5FewdX/assets/Color-f953d088.48e4ecc5.js.map                129.59 KiB
../../../../../../var/folders/7k/kdc4vl_j3y9cjxlmmc7h37s80000gq/T/chromatic--23147-45Y9Jb5FewdX/assets/WithTooltip-167e9982.2566c44d.js              40.21 KiB / gzip: 13.44 KiB
../../../../../../var/folders/7k/kdc4vl_j3y9cjxlmmc7h37s80000gq/T/chromatic--23147-45Y9Jb5FewdX/assets/WithTooltip-167e9982.2566c44d.js.map          176.47 KiB
../../../../../../var/folders/7k/kdc4vl_j3y9cjxlmmc7h37s80000gq/T/chromatic--23147-45Y9Jb5FewdX/assets/iframe.01760489.css                           64.02 KiB / gzip: 10.78 KiB
../../../../../../var/folders/7k/kdc4vl_j3y9cjxlmmc7h37s80000gq/T/chromatic--23147-45Y9Jb5FewdX/assets/OverlayScrollbars-1355f44c.642086f2.js        63.01 KiB / gzip: 26.72 KiB
../../../../../../var/folders/7k/kdc4vl_j3y9cjxlmmc7h37s80000gq/T/chromatic--23147-45Y9Jb5FewdX/assets/OverlayScrollbars-1355f44c.642086f2.js.map    430.22 KiB
../../../../../../var/folders/7k/kdc4vl_j3y9cjxlmmc7h37s80000gq/T/chromatic--23147-45Y9Jb5FewdX/assets/index.bb174c9a.js                             123.67 KiB / gzip: 39.67 KiB
../../../../../../var/folders/7k/kdc4vl_j3y9cjxlmmc7h37s80000gq/T/chromatic--23147-45Y9Jb5FewdX/assets/index.bb174c9a.js.map                         293.13 KiB
../../../../../../var/folders/7k/kdc4vl_j3y9cjxlmmc7h37s80000gq/T/chromatic--23147-45Y9Jb5FewdX/assets/syntaxhighlighter-b07b042a.fa129119.js        125.68 KiB / gzip: 47.82 KiB
../../../../../../var/folders/7k/kdc4vl_j3y9cjxlmmc7h37s80000gq/T/chromatic--23147-45Y9Jb5FewdX/assets/syntaxhighlighter-b07b042a.fa129119.js.map    455.35 KiB
../../../../../../var/folders/7k/kdc4vl_j3y9cjxlmmc7h37s80000gq/T/chromatic--23147-45Y9Jb5FewdX/assets/index.8e8d4f05.js                             484.66 KiB / gzip: 142.78 KiB
../../../../../../var/folders/7k/kdc4vl_j3y9cjxlmmc7h37s80000gq/T/chromatic--23147-45Y9Jb5FewdX/assets/index.8e8d4f05.js.map                         1150.38 KiB
../../../../../../var/folders/7k/kdc4vl_j3y9cjxlmmc7h37s80000gq/T/chromatic--23147-45Y9Jb5FewdX/assets/iframe.f4c51a4e.js                            640.66 KiB / gzip: 176.26 KiB
../../../../../../var/folders/7k/kdc4vl_j3y9cjxlmmc7h37s80000gq/T/chromatic--23147-45Y9Jb5FewdX/assets/iframe.f4c51a4e.js.map                        1780.81 KiB
../../../../../../var/folders/7k/kdc4vl_j3y9cjxlmmc7h37s80000gq/T/chromatic--23147-45Y9Jb5FewdX/assets/formatter-0d5cb0eb.cce15c06.js                740.69 KiB / gzip: 233.93 KiB
../../../../../../var/folders/7k/kdc4vl_j3y9cjxlmmc7h37s80000gq/T/chromatic--23147-45Y9Jb5FewdX/assets/formatter-0d5cb0eb.cce15c06.js.map            1745.40 KiB

(!) Some chunks are larger than 500 KiB after minification. Consider:
- Using dynamic import() to code-split the application
- Use build.rollupOptions.output.manualChunks to improve chunking: https://rollupjs.org/guide/en/#outputmanualchunks
- Adjust chunk size limit for this warning via build.chunkSizeWarningLimit.
info => Output directory: /var/folders/7k/kdc4vl_j3y9cjxlmmc7h37s80000gq/T/chromatic--23147-45Y9Jb5FewdX
npm notice 
npm notice New patch version of npm available! 9.1.2 -> 9.1.3
npm notice Changelog: <https://github.com/npm/cli/releases/tag/v9.1.3>
npm notice Run `npm install -g npm@9.1.3` to update!
npm notice 
